[0.334s] DEBUG:colcon:Command line arguments: ['/usr/local/bin/colcon', 'build', '--symlink-install']
[0.334s] DEBUG:colcon:Parsed command line arguments: Namespace(log_base=None, log_level=None, verb_name='build', build_base='build', install_base='install', merge_install=False, symlink_install=True, test_result_base=None, continue_on_error=False, executor='parallel', parallel_workers=16, event_handlers=None, ignore_user_meta=False, metas=['./colcon.meta'], base_paths=['.'], packages_ignore=None, packages_ignore_regex=None, paths=None, packages_up_to=None, packages_up_to_regex=None, packages_above=None, packages_above_and_dependencies=None, packages_above_depth=None, packages_select_by_dep=None, packages_skip_by_dep=None, packages_skip_up_to=None, packages_select_build_failed=False, packages_skip_build_finished=False, packages_select_test_failures=False, packages_skip_test_passed=False, packages_select=None, packages_skip=None, packages_select_regex=None, packages_skip_regex=None, packages_start=None, packages_end=None, allow_overriding=[], cmake_args=None, cmake_target=None, cmake_target_skip_unavailable=False, cmake_clean_cache=False, cmake_clean_first=False, cmake_force_configure=False, ament_cmake_args=None, catkin_cmake_args=None, catkin_skip_building_tests=False, verb_parser=<colcon_defaults.argument_parser.defaults.DefaultArgumentsDecorator object at 0x71a552a9db40>, verb_extension=<colcon_core.verb.build.BuildVerb object at 0x71a552a9d630>, main=<bound method BuildVerb.main of <colcon_core.verb.build.BuildVerb object at 0x71a552a9d630>>)
[0.607s] Level 1:colcon.colcon_core.package_discovery:discover_packages(colcon_meta) check parameters
[0.607s] Level 1:colcon.colcon_core.package_discovery:discover_packages(recursive) check parameters
[0.607s] Level 1:colcon.colcon_core.package_discovery:discover_packages(ignore) check parameters
[0.607s] Level 1:colcon.colcon_core.package_discovery:discover_packages(path) check parameters
[0.607s] Level 1:colcon.colcon_core.package_discovery:discover_packages(colcon_meta) discover
[0.607s] Level 1:colcon.colcon_core.package_discovery:discover_packages(recursive) discover
[0.607s] INFO:colcon.colcon_core.package_discovery:Crawling recursively for packages in '/home/px4space/ISR/Thesis/Code/ros2_ws_px4'
[0.607s] Level 1:colcon.colcon_core.package_identification:_identify(.) by extensions ['ignore', 'ignore_ament_install']
[0.607s] Level 1:colcon.colcon_core.package_identification:_identify(.) by extension 'ignore'
[0.607s] Level 1:colcon.colcon_core.package_identification:_identify(.) by extension 'ignore_ament_install'
[0.607s] Level 1:colcon.colcon_core.package_identification:_identify(.) by extensions ['colcon_pkg']
[0.607s] Level 1:colcon.colcon_core.package_identification:_identify(.) by extension 'colcon_pkg'
[0.607s] Level 1:colcon.colcon_core.package_identification:_identify(.) by extensions ['colcon_meta']
[0.607s] Level 1:colcon.colcon_core.package_identification:_identify(.) by extension 'colcon_meta'
[0.607s] Level 1:colcon.colcon_core.package_identification:_identify(.) by extensions ['ros']
[0.607s] Level 1:colcon.colcon_core.package_identification:_identify(.) by extension 'ros'
[0.622s] Level 1:colcon.colcon_core.package_identification:_identify(.) by extensions ['cmake', 'python']
[0.622s] Level 1:colcon.colcon_core.package_identification:_identify(.) by extension 'cmake'
[0.622s] Level 1:colcon.colcon_core.package_identification:_identify(.) by extension 'python'
[0.622s] Level 1:colcon.colcon_core.package_identification:_identify(.) by extensions ['python_setup_py']
[0.622s] Level 1:colcon.colcon_core.package_identification:_identify(.) by extension 'python_setup_py'
[0.622s] Level 1:colcon.colcon_core.package_identification:_identify(build) by extensions ['ignore', 'ignore_ament_install']
[0.622s] Level 1:colcon.colcon_core.package_identification:_identify(build) by extension 'ignore'
[0.622s] Level 1:colcon.colcon_core.package_identification:_identify(build) ignored
[0.623s] Level 1:colcon.colcon_core.package_identification:_identify(install) by extensions ['ignore', 'ignore_ament_install']
[0.623s] Level 1:colcon.colcon_core.package_identification:_identify(install) by extension 'ignore'
[0.623s] Level 1:colcon.colcon_core.package_identification:_identify(install) ignored
[0.623s] Level 1:colcon.colcon_core.package_identification:_identify(log) by extensions ['ignore', 'ignore_ament_install']
[0.623s] Level 1:colcon.colcon_core.package_identification:_identify(log) by extension 'ignore'
[0.623s] Level 1:colcon.colcon_core.package_identification:_identify(log) ignored
[0.623s] Level 1:colcon.colcon_core.package_identification:_identify(src) by extensions ['ignore', 'ignore_ament_install']
[0.623s] Level 1:colcon.colcon_core.package_identification:_identify(src) by extension 'ignore'
[0.623s] Level 1:colcon.colcon_core.package_identification:_identify(src) by extension 'ignore_ament_install'
[0.623s] Level 1:colcon.colcon_core.package_identification:_identify(src) by extensions ['colcon_pkg']
[0.623s] Level 1:colcon.colcon_core.package_identification:_identify(src) by extension 'colcon_pkg'
[0.623s] Level 1:colcon.colcon_core.package_identification:_identify(src) by extensions ['colcon_meta']
[0.623s] Level 1:colcon.colcon_core.package_identification:_identify(src) by extension 'colcon_meta'
[0.623s] Level 1:colcon.colcon_core.package_identification:_identify(src) by extensions ['ros']
[0.623s] Level 1:colcon.colcon_core.package_identification:_identify(src) by extension 'ros'
[0.623s] Level 1:colcon.colcon_core.package_identification:_identify(src) by extensions ['cmake', 'python']
[0.623s] Level 1:colcon.colcon_core.package_identification:_identify(src) by extension 'cmake'
[0.623s] Level 1:colcon.colcon_core.package_identification:_identify(src) by extension 'python'
[0.623s] Level 1:colcon.colcon_core.package_identification:_identify(src) by extensions ['python_setup_py']
[0.623s] Level 1:colcon.colcon_core.package_identification:_identify(src) by extension 'python_setup_py'
[0.624s] Level 1:colcon.colcon_core.package_identification:_identify(src/gz_bridge) by extensions ['ignore', 'ignore_ament_install']
[0.624s] Level 1:colcon.colcon_core.package_identification:_identify(src/gz_bridge) by extension 'ignore'
[0.624s] Level 1:colcon.colcon_core.package_identification:_identify(src/gz_bridge) by extension 'ignore_ament_install'
[0.624s] Level 1:colcon.colcon_core.package_identification:_identify(src/gz_bridge) by extensions ['colcon_pkg']
[0.624s] Level 1:colcon.colcon_core.package_identification:_identify(src/gz_bridge) by extension 'colcon_pkg'
[0.624s] Level 1:colcon.colcon_core.package_identification:_identify(src/gz_bridge) by extensions ['colcon_meta']
[0.624s] Level 1:colcon.colcon_core.package_identification:_identify(src/gz_bridge) by extension 'colcon_meta'
[0.624s] Level 1:colcon.colcon_core.package_identification:_identify(src/gz_bridge) by extensions ['ros']
[0.624s] Level 1:colcon.colcon_core.package_identification:_identify(src/gz_bridge) by extension 'ros'
[0.629s] DEBUG:colcon.colcon_core.package_identification:Package 'src/gz_bridge' with type 'ros.ament_python' and name 'gz_bridge'
[0.629s] Level 1:colcon.colcon_core.package_discovery:discover_packages(recursive) using defaults
[0.629s] Level 1:colcon.colcon_core.package_discovery:discover_packages(ignore) discover
[0.629s] Level 1:colcon.colcon_core.package_discovery:discover_packages(ignore) using defaults
[0.629s] Level 1:colcon.colcon_core.package_discovery:discover_packages(path) discover
[0.629s] Level 1:colcon.colcon_core.package_discovery:discover_packages(path) using defaults
[0.666s] Level 1:colcon.colcon_core.package_discovery:discover_packages(prefix_path) check parameters
[0.667s] Level 1:colcon.colcon_core.package_discovery:discover_packages(prefix_path) discover
[0.682s] DEBUG:colcon.colcon_installed_package_information.package_discovery:Found 1 installed packages in /home/px4space/PX4/ros2_ws/install
[0.684s] DEBUG:colcon.colcon_installed_package_information.package_discovery:Found 39 installed packages in /home/px4space/microros_ws/install
[0.685s] DEBUG:colcon.colcon_installed_package_information.package_discovery:Found 16 installed packages in /home/px4space/Gazebo/install
[0.687s] DEBUG:colcon.colcon_installed_package_information.package_discovery:Found 292 installed packages in /opt/ros/humble
[0.690s] Level 1:colcon.colcon_core.package_discovery:discover_packages(prefix_path) using defaults
[0.791s] Level 5:colcon.colcon_core.verb:set package 'gz_bridge' build argument 'cmake_args' from command line to 'None'
[0.791s] Level 5:colcon.colcon_core.verb:set package 'gz_bridge' build argument 'cmake_target' from command line to 'None'
[0.791s] Level 5:colcon.colcon_core.verb:set package 'gz_bridge' build argument 'cmake_target_skip_unavailable' from command line to 'False'
[0.791s] Level 5:colcon.colcon_core.verb:set package 'gz_bridge' build argument 'cmake_clean_cache' from command line to 'False'
[0.791s] Level 5:colcon.colcon_core.verb:set package 'gz_bridge' build argument 'cmake_clean_first' from command line to 'False'
[0.791s] Level 5:colcon.colcon_core.verb:set package 'gz_bridge' build argument 'cmake_force_configure' from command line to 'False'
[0.791s] Level 5:colcon.colcon_core.verb:set package 'gz_bridge' build argument 'ament_cmake_args' from command line to 'None'
[0.791s] Level 5:colcon.colcon_core.verb:set package 'gz_bridge' build argument 'catkin_cmake_args' from command line to 'None'
[0.791s] Level 5:colcon.colcon_core.verb:set package 'gz_bridge' build argument 'catkin_skip_building_tests' from command line to 'False'
[0.791s] DEBUG:colcon.colcon_core.verb:Building package 'gz_bridge' with the following arguments: {'ament_cmake_args': None, 'build_base': '/home/px4space/ISR/Thesis/Code/ros2_ws_px4/build/gz_bridge', 'catkin_cmake_args': None, 'catkin_skip_building_tests': False, 'cmake_args': None, 'cmake_clean_cache': False, 'cmake_clean_first': False, 'cmake_force_configure': False, 'cmake_target': None, 'cmake_target_skip_unavailable': False, 'install_base': '/home/px4space/ISR/Thesis/Code/ros2_ws_px4/install/gz_bridge', 'merge_install': False, 'path': '/home/px4space/ISR/Thesis/Code/ros2_ws_px4/src/gz_bridge', 'symlink_install': True, 'test_result_base': None}
[0.791s] INFO:colcon.colcon_core.executor:Executing jobs using 'parallel' executor
[0.792s] DEBUG:colcon.colcon_parallel_executor.executor.parallel:run_until_complete
[0.793s] INFO:colcon.colcon_ros.task.ament_python.build:Building ROS package in '/home/px4space/ISR/Thesis/Code/ros2_ws_px4/src/gz_bridge' with build type 'ament_python'
[0.793s] Level 1:colcon.colcon_core.shell:create_environment_hook('gz_bridge', 'ament_prefix_path')
[0.798s] INFO:colcon.colcon_core.plugin_system:Skipping extension 'colcon_core.shell.bat': Not used on non-Windows systems
[0.799s] INFO:colcon.colcon_core.shell:Creating environment hook '/home/px4space/ISR/Thesis/Code/ros2_ws_px4/install/gz_bridge/share/gz_bridge/hook/ament_prefix_path.ps1'
[0.800s] INFO:colcon.colcon_core.shell:Creating environment descriptor '/home/px4space/ISR/Thesis/Code/ros2_ws_px4/install/gz_bridge/share/gz_bridge/hook/ament_prefix_path.dsv'
[0.801s] INFO:colcon.colcon_core.shell:Creating environment hook '/home/px4space/ISR/Thesis/Code/ros2_ws_px4/install/gz_bridge/share/gz_bridge/hook/ament_prefix_path.sh'
[0.801s] INFO:colcon.colcon_core.shell:Skip shell extension 'powershell' for command environment: Not usable outside of PowerShell
[0.801s] DEBUG:colcon.colcon_core.shell:Skip shell extension 'dsv' for command environment
[1.115s] WARNING:colcon.colcon_ros.task.ament_python.build:Package 'gz_bridge' doesn't explicitly install a marker in the package index (colcon-ros currently does it implicitly but that fallback will be removed in the future)
[1.115s] INFO:colcon.colcon_core.task.python.build:Building Python package in '/home/px4space/ISR/Thesis/Code/ros2_ws_px4/src/gz_bridge'
[1.116s] INFO:colcon.colcon_core.shell:Skip shell extension 'powershell' for command environment: Not usable outside of PowerShell
[1.116s] DEBUG:colcon.colcon_core.shell:Skip shell extension 'dsv' for command environment
[1.545s] DEBUG:colcon.colcon_core.event_handler.log_command:Invoking command in '/home/px4space/ISR/Thesis/Code/ros2_ws_px4/build/gz_bridge': PYTHONPATH=/home/px4space/ISR/Thesis/Code/ros2_ws_px4/build/gz_bridge/prefix_override:/usr/local/lib/python3.10/dist-packages/colcon_core/task/python/colcon_distutils_commands:/home/px4space/ISR/Thesis/Code/ros2_ws_px4/install/gz_bridge/lib/python3.10/site-packages:${PYTHONPATH} /usr/bin/python3 -W ignore:setup.py install is deprecated setup.py develop --editable --build-directory /home/px4space/ISR/Thesis/Code/ros2_ws_px4/build/gz_bridge/build --no-deps symlink_data
[2.064s] Level 1:colcon.colcon_core.shell:create_environment_hook('gz_bridge', 'pythonpath_develop')
[2.065s] INFO:colcon.colcon_core.shell:Creating environment hook '/home/px4space/ISR/Thesis/Code/ros2_ws_px4/build/gz_bridge/share/gz_bridge/hook/pythonpath_develop.ps1'
[2.065s] DEBUG:colcon.colcon_core.event_handler.log_command:Invoked command in '/home/px4space/ISR/Thesis/Code/ros2_ws_px4/build/gz_bridge' returned '0': PYTHONPATH=/home/px4space/ISR/Thesis/Code/ros2_ws_px4/build/gz_bridge/prefix_override:/usr/local/lib/python3.10/dist-packages/colcon_core/task/python/colcon_distutils_commands:/home/px4space/ISR/Thesis/Code/ros2_ws_px4/install/gz_bridge/lib/python3.10/site-packages:${PYTHONPATH} /usr/bin/python3 -W ignore:setup.py install is deprecated setup.py develop --editable --build-directory /home/px4space/ISR/Thesis/Code/ros2_ws_px4/build/gz_bridge/build --no-deps symlink_data
[2.066s] INFO:colcon.colcon_core.shell:Creating environment descriptor '/home/px4space/ISR/Thesis/Code/ros2_ws_px4/build/gz_bridge/share/gz_bridge/hook/pythonpath_develop.dsv'
[2.066s] INFO:colcon.colcon_core.shell:Creating environment hook '/home/px4space/ISR/Thesis/Code/ros2_ws_px4/build/gz_bridge/share/gz_bridge/hook/pythonpath_develop.sh'
[2.073s] Level 1:colcon.colcon_core.environment:checking '/home/px4space/ISR/Thesis/Code/ros2_ws_px4/install/gz_bridge' for CMake module files
[2.073s] Level 1:colcon.colcon_core.environment:checking '/home/px4space/ISR/Thesis/Code/ros2_ws_px4/install/gz_bridge' for CMake config files
[2.074s] Level 1:colcon.colcon_core.environment:checking '/home/px4space/ISR/Thesis/Code/ros2_ws_px4/install/gz_bridge/lib'
[2.074s] Level 1:colcon.colcon_core.environment:checking '/home/px4space/ISR/Thesis/Code/ros2_ws_px4/install/gz_bridge/bin'
[2.074s] Level 1:colcon.colcon_core.environment:checking '/home/px4space/ISR/Thesis/Code/ros2_ws_px4/install/gz_bridge/lib/pkgconfig/gz_bridge.pc'
[2.074s] Level 1:colcon.colcon_core.environment:checking '/home/px4space/ISR/Thesis/Code/ros2_ws_px4/install/gz_bridge/lib/python3.10/site-packages'
[2.074s] Level 1:colcon.colcon_core.shell:create_environment_hook('gz_bridge', 'pythonpath')
[2.075s] INFO:colcon.colcon_core.shell:Creating environment hook '/home/px4space/ISR/Thesis/Code/ros2_ws_px4/install/gz_bridge/share/gz_bridge/hook/pythonpath.ps1'
[2.075s] INFO:colcon.colcon_core.shell:Creating environment descriptor '/home/px4space/ISR/Thesis/Code/ros2_ws_px4/install/gz_bridge/share/gz_bridge/hook/pythonpath.dsv'
[2.075s] INFO:colcon.colcon_core.shell:Creating environment hook '/home/px4space/ISR/Thesis/Code/ros2_ws_px4/install/gz_bridge/share/gz_bridge/hook/pythonpath.sh'
[2.076s] Level 1:colcon.colcon_core.environment:checking '/home/px4space/ISR/Thesis/Code/ros2_ws_px4/install/gz_bridge/bin'
[2.076s] Level 1:colcon.colcon_core.environment:create_environment_scripts_only(gz_bridge)
[2.076s] INFO:colcon.colcon_core.shell:Creating package script '/home/px4space/ISR/Thesis/Code/ros2_ws_px4/install/gz_bridge/share/gz_bridge/package.ps1'
[2.077s] INFO:colcon.colcon_core.shell:Creating package descriptor '/home/px4space/ISR/Thesis/Code/ros2_ws_px4/install/gz_bridge/share/gz_bridge/package.dsv'
[2.078s] INFO:colcon.colcon_core.shell:Creating package script '/home/px4space/ISR/Thesis/Code/ros2_ws_px4/install/gz_bridge/share/gz_bridge/package.sh'
[2.079s] INFO:colcon.colcon_core.shell:Creating package script '/home/px4space/ISR/Thesis/Code/ros2_ws_px4/install/gz_bridge/share/gz_bridge/package.bash'
[2.080s] INFO:colcon.colcon_core.shell:Creating package script '/home/px4space/ISR/Thesis/Code/ros2_ws_px4/install/gz_bridge/share/gz_bridge/package.zsh'
[2.081s] Level 1:colcon.colcon_core.environment:create_file_with_runtime_dependencies(/home/px4space/ISR/Thesis/Code/ros2_ws_px4/install/gz_bridge/share/colcon-core/packages/gz_bridge)
[2.081s] DEBUG:colcon.colcon_parallel_executor.executor.parallel:closing loop
[2.081s] DEBUG:colcon.colcon_parallel_executor.executor.parallel:loop closed
[2.081s] DEBUG:colcon.colcon_parallel_executor.executor.parallel:run_until_complete finished with '0'
[2.081s] DEBUG:colcon.colcon_core.event_reactor:joining thread
[2.093s] INFO:colcon.colcon_core.plugin_system:Skipping extension 'colcon_notification.desktop_notification.notify_send': Could not find 'notify-send'
[2.093s] INFO:colcon.colcon_core.plugin_system:Skipping extension 'colcon_notification.desktop_notification.terminal_notifier': Not used on non-Darwin systems
[2.093s] INFO:colcon.colcon_core.plugin_system:Skipping extension 'colcon_notification.desktop_notification.win32': Not used on non-Windows systems
[2.093s] INFO:colcon.colcon_notification.desktop_notification:Sending desktop notification using 'notify2'
[2.095s] DEBUG:colcon.colcon_notification.desktop_notification.notify2:Failed to initialize notify2: org.freedesktop.DBus.Error.Spawn.ExecFailed: /usr/bin/dbus-launch terminated abnormally without any error message
[2.095s] DEBUG:colcon.colcon_core.event_reactor:joined thread
[2.096s] INFO:colcon.colcon_core.shell:Creating prefix script '/home/px4space/ISR/Thesis/Code/ros2_ws_px4/install/local_setup.ps1'
[2.097s] INFO:colcon.colcon_core.shell:Creating prefix util module '/home/px4space/ISR/Thesis/Code/ros2_ws_px4/install/_local_setup_util_ps1.py'
[2.098s] INFO:colcon.colcon_core.shell:Creating prefix chain script '/home/px4space/ISR/Thesis/Code/ros2_ws_px4/install/setup.ps1'
[2.102s] INFO:colcon.colcon_core.shell:Creating prefix script '/home/px4space/ISR/Thesis/Code/ros2_ws_px4/install/local_setup.sh'
[2.103s] INFO:colcon.colcon_core.shell:Creating prefix util module '/home/px4space/ISR/Thesis/Code/ros2_ws_px4/install/_local_setup_util_sh.py'
[2.103s] INFO:colcon.colcon_core.shell:Creating prefix chain script '/home/px4space/ISR/Thesis/Code/ros2_ws_px4/install/setup.sh'
[2.106s] INFO:colcon.colcon_core.shell:Creating prefix script '/home/px4space/ISR/Thesis/Code/ros2_ws_px4/install/local_setup.bash'
[2.107s] INFO:colcon.colcon_core.shell:Creating prefix chain script '/home/px4space/ISR/Thesis/Code/ros2_ws_px4/install/setup.bash'
[2.110s] INFO:colcon.colcon_core.shell:Creating prefix script '/home/px4space/ISR/Thesis/Code/ros2_ws_px4/install/local_setup.zsh'
[2.111s] INFO:colcon.colcon_core.shell:Creating prefix chain script '/home/px4space/ISR/Thesis/Code/ros2_ws_px4/install/setup.zsh'
