[0.751s] Invoking command in '/home/px4space/ISR/Thesis/Code/ros2_ws_px4/build/gz_bridge': PYTHONPATH=/home/px4space/ISR/Thesis/Code/ros2_ws_px4/build/gz_bridge/prefix_override:/usr/local/lib/python3.10/dist-packages/colcon_core/task/python/colcon_distutils_commands:/home/px4space/ISR/Thesis/Code/ros2_ws_px4/install/gz_bridge/lib/python3.10/site-packages:${PYTHONPATH} /usr/bin/python3 -W ignore:setup.py install is deprecated setup.py develop --editable --build-directory /home/px4space/ISR/Thesis/Code/ros2_ws_px4/build/gz_bridge/build --no-deps symlink_data
[1.062s] running develop
[1.063s] /usr/lib/python3/dist-packages/setuptools/command/easy_install.py:158: EasyInstallDeprecationWarning: easy_install command is deprecated. Use build and pip and other standards-based tools.
[1.063s]   warnings.warn(
[1.233s] running egg_info
[1.233s] creating gz_bridge.egg-info
[1.233s] writing gz_bridge.egg-info/PKG-INFO
[1.233s] writing dependency_links to gz_bridge.egg-info/dependency_links.txt
[1.233s] writing entry points to gz_bridge.egg-info/entry_points.txt
[1.233s] writing requirements to gz_bridge.egg-info/requires.txt
[1.233s] writing top-level names to gz_bridge.egg-info/top_level.txt
[1.233s] writing manifest file 'gz_bridge.egg-info/SOURCES.txt'
[1.238s] reading manifest file 'gz_bridge.egg-info/SOURCES.txt'
[1.238s] writing manifest file 'gz_bridge.egg-info/SOURCES.txt'
[1.240s] running build_ext
[1.240s] Creating /home/px4space/ISR/Thesis/Code/ros2_ws_px4/install/gz_bridge/lib/python3.10/site-packages/gz-bridge.egg-link (link to .)
[1.241s] 
[1.241s] Installed /home/px4space/ISR/Thesis/Code/ros2_ws_px4/build/gz_bridge
[1.241s] running symlink_data
[1.241s] symbolically linking /home/px4space/ISR/Thesis/Code/ros2_ws_px4/build/gz_bridge/package.xml -> /home/px4space/ISR/Thesis/Code/ros2_ws_px4/install/gz_bridge/share/gz_bridge
[1.241s] creating /home/px4space/ISR/Thesis/Code/ros2_ws_px4/install/gz_bridge/share/gz_bridge/launch
[1.241s] symbolically linking /home/px4space/ISR/Thesis/Code/ros2_ws_px4/build/gz_bridge/launch/gz_bridge.launch.py -> /home/px4space/ISR/Thesis/Code/ros2_ws_px4/install/gz_bridge/share/gz_bridge/launch
[1.242s] symbolically linking /home/px4space/ISR/Thesis/Code/ros2_ws_px4/build/gz_bridge/launch/bridge_params.yaml -> /home/px4space/ISR/Thesis/Code/ros2_ws_px4/install/gz_bridge/share/gz_bridge/launch
[1.272s] Invoked command in '/home/px4space/ISR/Thesis/Code/ros2_ws_px4/build/gz_bridge' returned '0': PYTHONPATH=/home/px4space/ISR/Thesis/Code/ros2_ws_px4/build/gz_bridge/prefix_override:/usr/local/lib/python3.10/dist-packages/colcon_core/task/python/colcon_distutils_commands:/home/px4space/ISR/Thesis/Code/ros2_ws_px4/install/gz_bridge/lib/python3.10/site-packages:${PYTHONPATH} /usr/bin/python3 -W ignore:setup.py install is deprecated setup.py develop --editable --build-directory /home/px4space/ISR/Thesis/Code/ros2_ws_px4/build/gz_bridge/build --no-deps symlink_data
